Building target platforms: x86_64
Building for target x86_64
+ umask 022
+ cd /workspace/build_cpack/_CPack_Packages/Linux/RPM/BUILD/splix-2.0.2-build
+ mv /workspace/build_cpack/_CPack_Packages/Linux/RPM/splix-2.0.2-amd64 /workspace/build_cpack/_CPack_Packages/Linux/RPM/tmpBBroot
+ RPM_EC=0
+ jobs -p
+ exit 0
+ umask 022
+ cd /workspace/build_cpack/_CPack_Packages/Linux/RPM/BUILD/splix-2.0.2-build
+ /usr/bin/rm -rf /workspace/build_cpack/_CPack_Packages/Linux/RPM/splix-2.0.2-amd64
+ /usr/bin/mkdir -p /workspace/build_cpack/_CPack_Packages/Linux/RPM
+ /usr/bin/mkdir /workspace/build_cpack/_CPack_Packages/Linux/RPM/splix-2.0.2-amd64
+ [ -e /workspace/build_cpack/_CPack_Packages/Linux/RPM/splix-2.0.2-amd64 ]
+ rm -rf /workspace/build_cpack/_CPack_Packages/Linux/RPM/splix-2.0.2-amd64
+ mv /workspace/build_cpack/_CPack_Packages/Linux/RPM/tmpBBroot /workspace/build_cpack/_CPack_Packages/Linux/RPM/splix-2.0.2-amd64
+ /usr/lib/rpm/brp-compress /usr
+ /usr/lib/rpm/brp-elfperms
+ /usr/lib/rpm/brp-strip /usr/bin/strip
+ /usr/lib/rpm/brp-strip-static-archive /usr/bin/strip
+ /usr/lib/rpm/brp-strip-comment-note /usr/bin/strip /usr/bin/objdump
+ /usr/lib/rpm/brp-remove-la-files
warning: File listed twice: /usr/share/cups/model/dell
warning: File listed twice: /usr/share/cups/model/dell/1100.ppd
warning: File listed twice: /usr/share/cups/model/dell/1100fr.ppd
warning: File listed twice: /usr/share/cups/model/dell/1100pt.ppd
warning: File listed twice: /usr/share/cups/model/dell/1110.ppd
warning: File listed twice: /usr/share/cups/model/dell/1110fr.ppd
warning: File listed twice: /usr/share/cups/model/dell/1110pt.ppd
warning: File listed twice: /usr/share/cups/model/dell/po
warning: File listed twice: /usr/share/cups/model/lexmark
warning: File listed twice: /usr/share/cups/model/lexmark/po
warning: File listed twice: /usr/share/cups/model/lexmark/x215mfp.ppd
warning: File listed twice: /usr/share/cups/model/lexmark/x215mfpfr.ppd
warning: File listed twice: /usr/share/cups/model/lexmark/x215mfppt.ppd
warning: File listed twice: /usr/share/cups/model/samsung
warning: File listed twice: /usr/share/cups/model/samsung/clp200.ppd
warning: File listed twice: /usr/share/cups/model/samsung/clp200fr.ppd
warning: File listed twice: /usr/share/cups/model/samsung/clp200pt.ppd
warning: File listed twice: /usr/share/cups/model/samsung/clp300.ppd
warning: File listed twice: /usr/share/cups/model/samsung/clp300fr.ppd
warning: File listed twice: /usr/share/cups/model/samsung/clp300pt.ppd
warning: File listed twice: /usr/share/cups/model/samsung/clp310.ppd
warning: File listed twice: /usr/share/cups/model/samsung/clp310fr.ppd
warning: File listed twice: /usr/share/cups/model/samsung/clp310n.ppd
warning: File listed twice: /usr/share/cups/model/samsung/clp310nfr.ppd
warning: File listed twice: /usr/share/cups/model/samsung/clp310npt.ppd
warning: File listed twice: /usr/share/cups/model/samsung/clp310pt.ppd
warning: File listed twice: /usr/share/cups/model/samsung/clp315.ppd
warning: File listed twice: /usr/share/cups/model/samsung/clp315fr.ppd
warning: File listed twice: /usr/share/cups/model/samsung/clp315pt.ppd
warning: File listed twice: /usr/share/cups/model/samsung/clp500.ppd
warning: File listed twice: /usr/share/cups/model/samsung/clp500fr.ppd
warning: File listed twice: /usr/share/cups/model/samsung/clp500pt.ppd
warning: File listed twice: /usr/share/cups/model/samsung/clp510.ppd
warning: File listed twice: /usr/share/cups/model/samsung/clp510fr.ppd
warning: File listed twice: /usr/share/cups/model/samsung/clp510pt.ppd
warning: File listed twice: /usr/share/cups/model/samsung/clp550.ppd
warning: File listed twice: /usr/share/cups/model/samsung/clp550fr.ppd
warning: File listed twice: /usr/share/cups/model/samsung/clp550pt.ppd
warning: File listed twice: /usr/share/cups/model/samsung/clp600.ppd
warning: File listed twice: /usr/share/cups/model/samsung/clp600fr.ppd
warning: File listed twice: /usr/share/cups/model/samsung/clp600pt.ppd
warning: File listed twice: /usr/share/cups/model/samsung/clx216x.ppd
warning: File listed twice: /usr/share/cups/model/samsung/clx216xfr.ppd
warning: File listed twice: /usr/share/cups/model/samsung/clx216xpt.ppd
warning: File listed twice: /usr/share/cups/model/samsung/clx2170.ppd
warning: File listed twice: /usr/share/cups/model/samsung/clx2170fr.ppd
warning: File listed twice: /usr/share/cups/model/samsung/clx2170pt.ppd
warning: File listed twice: /usr/share/cups/model/samsung/clx3160.ppd
warning: File listed twice: /usr/share/cups/model/samsung/clx3160fr.ppd
warning: File listed twice: /usr/share/cups/model/samsung/clx3160pt.ppd
warning: File listed twice: /usr/share/cups/model/samsung/m2020.ppd
warning: File listed twice: /usr/share/cups/model/samsung/m2070.ppd
warning: File listed twice: /usr/share/cups/model/samsung/m262x.ppd
warning: File listed twice: /usr/share/cups/model/samsung/m267x.ppd
warning: File listed twice: /usr/share/cups/model/samsung/m283x.ppd
warning: File listed twice: /usr/share/cups/model/samsung/ml1510.ppd
warning: File listed twice: /usr/share/cups/model/samsung/ml1510fr.ppd
warning: File listed twice: /usr/share/cups/model/samsung/ml1510pt.ppd
warning: File listed twice: /usr/share/cups/model/samsung/ml1520.ppd
warning: File listed twice: /usr/share/cups/model/samsung/ml1520fr.ppd
warning: File listed twice: /usr/share/cups/model/samsung/ml1520pt.ppd
warning: File listed twice: /usr/share/cups/model/samsung/ml1610.ppd
warning: File listed twice: /usr/share/cups/model/samsung/ml1610fr.ppd
warning: File listed twice: /usr/share/cups/model/samsung/ml1610pt.ppd
warning: File listed twice: /usr/share/cups/model/samsung/ml1630.ppd
warning: File listed twice: /usr/share/cups/model/samsung/ml1630fr.ppd
warning: File listed twice: /usr/share/cups/model/samsung/ml1630pt.ppd
warning: File listed twice: /usr/share/cups/model/samsung/ml1640.ppd
warning: File listed twice: /usr/share/cups/model/samsung/ml1640fr.ppd
warning: File listed twice: /usr/share/cups/model/samsung/ml1640pt.ppd
warning: File listed twice: /usr/share/cups/model/samsung/ml1660.ppd
warning: File listed twice: /usr/share/cups/model/samsung/ml1660fr.ppd
warning: File listed twice: /usr/share/cups/model/samsung/ml1660pt.ppd
warning: File listed twice: /usr/share/cups/model/samsung/ml1670.ppd
warning: File listed twice: /usr/share/cups/model/samsung/ml1710.ppd
warning: File listed twice: /usr/share/cups/model/samsung/ml1710fr.ppd
warning: File listed twice: /usr/share/cups/model/samsung/ml1710pt.ppd
warning: File listed twice: /usr/share/cups/model/samsung/ml1740.ppd
warning: File listed twice: /usr/share/cups/model/samsung/ml1740fr.ppd
warning: File listed twice: /usr/share/cups/model/samsung/ml1740pt.ppd
warning: File listed twice: /usr/share/cups/model/samsung/ml1750.ppd
warning: File listed twice: /usr/share/cups/model/samsung/ml1750fr.ppd
warning: File listed twice: /usr/share/cups/model/samsung/ml1750pt.ppd
warning: File listed twice: /usr/share/cups/model/samsung/ml1860.ppd
warning: File listed twice: /usr/share/cups/model/samsung/ml1865.ppd
warning: File listed twice: /usr/share/cups/model/samsung/ml1865w.ppd
warning: File listed twice: /usr/share/cups/model/samsung/ml1910.ppd
warning: File listed twice: /usr/share/cups/model/samsung/ml1910fr.ppd
warning: File listed twice: /usr/share/cups/model/samsung/ml1910pt.ppd
warning: File listed twice: /usr/share/cups/model/samsung/ml1915.ppd
warning: File listed twice: /usr/share/cups/model/samsung/ml1915fr.ppd
warning: File listed twice: /usr/share/cups/model/samsung/ml1915pt.ppd
warning: File listed twice: /usr/share/cups/model/samsung/ml2010.ppd
warning: File listed twice: /usr/share/cups/model/samsung/ml2010fr.ppd
warning: File listed twice: /usr/share/cups/model/samsung/ml2010pt.ppd
warning: File listed twice: /usr/share/cups/model/samsung/ml2015.ppd
warning: File listed twice: /usr/share/cups/model/samsung/ml2015fr.ppd
warning: File listed twice: /usr/share/cups/model/samsung/ml2015pt.ppd
warning: File listed twice: /usr/share/cups/model/samsung/ml2150.ppd
warning: File listed twice: /usr/share/cups/model/samsung/ml2150fr.ppd
warning: File listed twice: /usr/share/cups/model/samsung/ml2150pt.ppd
warning: File listed twice: /usr/share/cups/model/samsung/ml2160.ppd
warning: File listed twice: /usr/share/cups/model/samsung/ml2165.ppd
warning: File listed twice: /usr/share/cups/model/samsung/ml2240.ppd
warning: File listed twice: /usr/share/cups/model/samsung/ml2240fr.ppd
warning: File listed twice: /usr/share/cups/model/samsung/ml2240pt.ppd
warning: File listed twice: /usr/share/cups/model/samsung/ml2250.ppd
warning: File listed twice: /usr/share/cups/model/samsung/ml2250fr.ppd
warning: File listed twice: /usr/share/cups/model/samsung/ml2250pt.ppd
warning: File listed twice: /usr/share/cups/model/samsung/ml2251.ppd
warning: File listed twice: /usr/share/cups/model/samsung/ml2251fr.ppd
warning: File listed twice: /usr/share/cups/model/samsung/ml2251pt.ppd
warning: File listed twice: /usr/share/cups/model/samsung/ml2510.ppd
warning: File listed twice: /usr/share/cups/model/samsung/ml2510fr.ppd
warning: File listed twice: /usr/share/cups/model/samsung/ml2510pt.ppd
warning: File listed twice: /usr/share/cups/model/samsung/ml2525.ppd
warning: File listed twice: /usr/share/cups/model/samsung/ml2525fr.ppd
warning: File listed twice: /usr/share/cups/model/samsung/ml2525pt.ppd
warning: File listed twice: /usr/share/cups/model/samsung/ml2525w.ppd
warning: File listed twice: /usr/share/cups/model/samsung/ml2525wfr.ppd
warning: File listed twice: /usr/share/cups/model/samsung/ml2525wpt.ppd
warning: File listed twice: /usr/share/cups/model/samsung/ml2550.ppd
warning: File listed twice: /usr/share/cups/model/samsung/ml2550fr.ppd
warning: File listed twice: /usr/share/cups/model/samsung/ml2550pt.ppd
warning: File listed twice: /usr/share/cups/model/samsung/ml2571.ppd
warning: File listed twice: /usr/share/cups/model/samsung/ml2571fr.ppd
warning: File listed twice: /usr/share/cups/model/samsung/ml2571pt.ppd
warning: File listed twice: /usr/share/cups/model/samsung/ml2580.ppd
warning: File listed twice: /usr/share/cups/model/samsung/ml2580fr.ppd
warning: File listed twice: /usr/share/cups/model/samsung/ml2580n.ppd
warning: File listed twice: /usr/share/cups/model/samsung/ml2580nfr.ppd
warning: File listed twice: /usr/share/cups/model/samsung/ml2580npt.ppd
warning: File listed twice: /usr/share/cups/model/samsung/ml2580pt.ppd
warning: File listed twice: /usr/share/cups/model/samsung/ml3050.ppd
warning: File listed twice: /usr/share/cups/model/samsung/ml3050fr.ppd
warning: File listed twice: /usr/share/cups/model/samsung/ml3050pt.ppd
warning: File listed twice: /usr/share/cups/model/samsung/ml3051.ppd
warning: File listed twice: /usr/share/cups/model/samsung/ml3051fr.ppd
warning: File listed twice: /usr/share/cups/model/samsung/ml3051nd.ppd
warning: File listed twice: /usr/share/cups/model/samsung/ml3051ndfr.ppd
warning: File listed twice: /usr/share/cups/model/samsung/ml3051ndpt.ppd
warning: File listed twice: /usr/share/cups/model/samsung/ml3051pt.ppd
warning: File listed twice: /usr/share/cups/model/samsung/ml3310.ppd
warning: File listed twice: /usr/share/cups/model/samsung/ml3310nd.ppd
warning: File listed twice: /usr/share/cups/model/samsung/ml3471nd.ppd
warning: File listed twice: /usr/share/cups/model/samsung/ml3471ndfr.ppd
warning: File listed twice: /usr/share/cups/model/samsung/ml3471ndpt.ppd
warning: File listed twice: /usr/share/cups/model/samsung/ml3560.ppd
warning: File listed twice: /usr/share/cups/model/samsung/ml3560fr.ppd
warning: File listed twice: /usr/share/cups/model/samsung/ml3560pt.ppd
warning: File listed twice: /usr/share/cups/model/samsung/po
warning: File listed twice: /usr/share/cups/model/samsung/scx3200.ppd
warning: File listed twice: /usr/share/cups/model/samsung/scx3200fr.ppd
warning: File listed twice: /usr/share/cups/model/samsung/scx3200pt.ppd
warning: File listed twice: /usr/share/cups/model/samsung/scx3400.ppd
warning: File listed twice: /usr/share/cups/model/samsung/scx4100.ppd
warning: File listed twice: /usr/share/cups/model/samsung/scx4100fr.ppd
warning: File listed twice: /usr/share/cups/model/samsung/scx4100pt.ppd
warning: File listed twice: /usr/share/cups/model/samsung/scx4200.ppd
warning: File listed twice: /usr/share/cups/model/samsung/scx4200fr.ppd
warning: File listed twice: /usr/share/cups/model/samsung/scx4200pt.ppd
warning: File listed twice: /usr/share/cups/model/samsung/scx4216f.ppd
warning: File listed twice: /usr/share/cups/model/samsung/scx4216ffr.ppd
warning: File listed twice: /usr/share/cups/model/samsung/scx4216fpt.ppd
warning: File listed twice: /usr/share/cups/model/samsung/scx4300.ppd
warning: File listed twice: /usr/share/cups/model/samsung/scx4300fr.ppd
warning: File listed twice: /usr/share/cups/model/samsung/scx4300pt.ppd
warning: File listed twice: /usr/share/cups/model/samsung/scx4500.ppd
warning: File listed twice: /usr/share/cups/model/samsung/scx4500fr.ppd
warning: File listed twice: /usr/share/cups/model/samsung/scx4500pt.ppd
warning: File listed twice: /usr/share/cups/model/samsung/scx4521f.ppd
warning: File listed twice: /usr/share/cups/model/samsung/scx4521ffr.ppd
warning: File listed twice: /usr/share/cups/model/samsung/scx4521fpt.ppd
warning: File listed twice: /usr/share/cups/model/samsung/scx4600.ppd
warning: File listed twice: /usr/share/cups/model/samsung/scx4600fr.ppd
warning: File listed twice: /usr/share/cups/model/samsung/scx4600pt.ppd
warning: File listed twice: /usr/share/cups/model/samsung/scx4623f.ppd
warning: File listed twice: /usr/share/cups/model/samsung/scx4623ffr.ppd
warning: File listed twice: /usr/share/cups/model/samsung/scx4623fpt.ppd
warning: File listed twice: /usr/share/cups/model/samsung/scx4623fw.ppd
warning: File listed twice: /usr/share/cups/model/samsung/scx4623fwfr.ppd
warning: File listed twice: /usr/share/cups/model/samsung/scx4623fwpt.ppd
warning: File listed twice: /usr/share/cups/model/samsung/scx5330n.ppd
warning: File listed twice: /usr/share/cups/model/samsung/scx5330nfr.ppd
warning: File listed twice: /usr/share/cups/model/samsung/scx5330npt.ppd
warning: File listed twice: /usr/share/cups/model/samsung/scx5530fn.ppd
warning: File listed twice: /usr/share/cups/model/samsung/scx5530fnfr.ppd
warning: File listed twice: /usr/share/cups/model/samsung/scx5530fnpt.ppd
warning: File listed twice: /usr/share/cups/model/samsung/sf565p.ppd
warning: File listed twice: /usr/share/cups/model/samsung/sf565pfr.ppd
warning: File listed twice: /usr/share/cups/model/samsung/sf565ppt.ppd
warning: File listed twice: /usr/share/cups/model/toshiba
warning: File listed twice: /usr/share/cups/model/toshiba/es180s.ppd
warning: File listed twice: /usr/share/cups/model/toshiba/es180sfr.ppd
warning: File listed twice: /usr/share/cups/model/toshiba/es180spt.ppd
warning: File listed twice: /usr/share/cups/model/toshiba/po
warning: File listed twice: /usr/share/cups/model/xerox
warning: File listed twice: /usr/share/cups/model/xerox/ph3115.ppd
warning: File listed twice: /usr/share/cups/model/xerox/ph3115fr.ppd
warning: File listed twice: /usr/share/cups/model/xerox/ph3115pt.ppd
warning: File listed twice: /usr/share/cups/model/xerox/ph3116.ppd
warning: File listed twice: /usr/share/cups/model/xerox/ph3116fr.ppd
warning: File listed twice: /usr/share/cups/model/xerox/ph3116pt.ppd
warning: File listed twice: /usr/share/cups/model/xerox/ph3117.ppd
warning: File listed twice: /usr/share/cups/model/xerox/ph3117fr.ppd
warning: File listed twice: /usr/share/cups/model/xerox/ph3117pt.ppd
warning: File listed twice: /usr/share/cups/model/xerox/ph3120.ppd
warning: File listed twice: /usr/share/cups/model/xerox/ph3120fr.ppd
warning: File listed twice: /usr/share/cups/model/xerox/ph3120pt.ppd
warning: File listed twice: /usr/share/cups/model/xerox/ph3121.ppd
warning: File listed twice: /usr/share/cups/model/xerox/ph3121fr.ppd
warning: File listed twice: /usr/share/cups/model/xerox/ph3121pt.ppd
warning: File listed twice: /usr/share/cups/model/xerox/ph3122.ppd
warning: File listed twice: /usr/share/cups/model/xerox/ph3122fr.ppd
warning: File listed twice: /usr/share/cups/model/xerox/ph3122pt.ppd
warning: File listed twice: /usr/share/cups/model/xerox/ph3124.ppd
warning: File listed twice: /usr/share/cups/model/xerox/ph3124fr.ppd
warning: File listed twice: /usr/share/cups/model/xerox/ph3124pt.ppd
warning: File listed twice: /usr/share/cups/model/xerox/ph3130.ppd
warning: File listed twice: /usr/share/cups/model/xerox/ph3130fr.ppd
warning: File listed twice: /usr/share/cups/model/xerox/ph3130pt.ppd
warning: File listed twice: /usr/share/cups/model/xerox/ph3140.ppd
warning: File listed twice: /usr/share/cups/model/xerox/ph3140fr.ppd
warning: File listed twice: /usr/share/cups/model/xerox/ph3140pt.ppd
warning: File listed twice: /usr/share/cups/model/xerox/ph3150.ppd
warning: File listed twice: /usr/share/cups/model/xerox/ph3150fr.ppd
warning: File listed twice: /usr/share/cups/model/xerox/ph3150pt.ppd
warning: File listed twice: /usr/share/cups/model/xerox/ph3155.ppd
warning: File listed twice: /usr/share/cups/model/xerox/ph3155fr.ppd
warning: File listed twice: /usr/share/cups/model/xerox/ph3155pt.ppd
warning: File listed twice: /usr/share/cups/model/xerox/ph3160.ppd
warning: File listed twice: /usr/share/cups/model/xerox/ph3160fr.ppd
warning: File listed twice: /usr/share/cups/model/xerox/ph3160pt.ppd
warning: File listed twice: /usr/share/cups/model/xerox/ph3420.ppd
warning: File listed twice: /usr/share/cups/model/xerox/ph3420fr.ppd
warning: File listed twice: /usr/share/cups/model/xerox/ph3420pt.ppd
warning: File listed twice: /usr/share/cups/model/xerox/ph3425.ppd
warning: File listed twice: /usr/share/cups/model/xerox/ph3425fr.ppd
warning: File listed twice: /usr/share/cups/model/xerox/ph3425pt.ppd
warning: File listed twice: /usr/share/cups/model/xerox/ph5500.ppd
warning: File listed twice: /usr/share/cups/model/xerox/ph5500fr.ppd
warning: File listed twice: /usr/share/cups/model/xerox/ph5500pt.ppd
warning: File listed twice: /usr/share/cups/model/xerox/ph6100.ppd
warning: File listed twice: /usr/share/cups/model/xerox/ph6100fr.ppd
warning: File listed twice: /usr/share/cups/model/xerox/ph6100pt.ppd
warning: File listed twice: /usr/share/cups/model/xerox/ph6110.ppd
warning: File listed twice: /usr/share/cups/model/xerox/ph6110fr.ppd
warning: File listed twice: /usr/share/cups/model/xerox/ph6110pt.ppd
warning: File listed twice: /usr/share/cups/model/xerox/po
warning: File listed twice: /usr/share/cups/model/xerox/wc3119.ppd
warning: File listed twice: /usr/share/cups/model/xerox/wc3119fr.ppd
warning: File listed twice: /usr/share/cups/model/xerox/wc3119pt.ppd
warning: File listed twice: /usr/share/cups/model/xerox/wcpe114e.ppd
warning: File listed twice: /usr/share/cups/model/xerox/wcpe114efr.ppd
warning: File listed twice: /usr/share/cups/model/xerox/wcpe114ept.ppd
warning: File listed twice: /usr/share/cups/model/xerox/wcpe16.ppd
warning: File listed twice: /usr/share/cups/model/xerox/wcpe16fr.ppd
warning: File listed twice: /usr/share/cups/model/xerox/wcpe16pt.ppd
+ umask 022
+ cd /workspace/build_cpack/_CPack_Packages/Linux/RPM/BUILD/splix-2.0.2-build
+ RPM_EC=0
+ jobs -p
+ exit 0
+ umask 022
+ cd /workspace/build_cpack/_CPack_Packages/Linux/RPM/BUILD/splix-2.0.2-build
+ test -d /workspace/build_cpack/_CPack_Packages/Linux/RPM/BUILD/splix-2.0.2-build
+ /usr/bin/chmod -Rf a+rX,u+w,g-w,o-w /workspace/build_cpack/_CPack_Packages/Linux/RPM/BUILD/splix-2.0.2-build
+ rm -rf /workspace/build_cpack/_CPack_Packages/Linux/RPM/BUILD/splix-2.0.2-build
+ RPM_EC=0
+ jobs -p
+ exit 0
    File listed twice: /usr/share/cups/model/dell
    File listed twice: /usr/share/cups/model/dell/1100.ppd
    File listed twice: /usr/share/cups/model/dell/1100fr.ppd
    File listed twice: /usr/share/cups/model/dell/1100pt.ppd
    File listed twice: /usr/share/cups/model/dell/1110.ppd
    File listed twice: /usr/share/cups/model/dell/1110fr.ppd
    File listed twice: /usr/share/cups/model/dell/1110pt.ppd
    File listed twice: /usr/share/cups/model/dell/po
    File listed twice: /usr/share/cups/model/lexmark
    File listed twice: /usr/share/cups/model/lexmark/po
    File listed twice: /usr/share/cups/model/lexmark/x215mfp.ppd
    File listed twice: /usr/share/cups/model/lexmark/x215mfpfr.ppd
    File listed twice: /usr/share/cups/model/lexmark/x215mfppt.ppd
    File listed twice: /usr/share/cups/model/samsung
    File listed twice: /usr/share/cups/model/samsung/clp200.ppd
    File listed twice: /usr/share/cups/model/samsung/clp200fr.ppd
    File listed twice: /usr/share/cups/model/samsung/clp200pt.ppd
    File listed twice: /usr/share/cups/model/samsung/clp300.ppd
    File listed twice: /usr/share/cups/model/samsung/clp300fr.ppd
    File listed twice: /usr/share/cups/model/samsung/clp300pt.ppd
    File listed twice: /usr/share/cups/model/samsung/clp310.ppd
    File listed twice: /usr/share/cups/model/samsung/clp310fr.ppd
    File listed twice: /usr/share/cups/model/samsung/clp310n.ppd
    File listed twice: /usr/share/cups/model/samsung/clp310nfr.ppd
    File listed twice: /usr/share/cups/model/samsung/clp310npt.ppd
    File listed twice: /usr/share/cups/model/samsung/clp310pt.ppd
    File listed twice: /usr/share/cups/model/samsung/clp315.ppd
    File listed twice: /usr/share/cups/model/samsung/clp315fr.ppd
    File listed twice: /usr/share/cups/model/samsung/clp315pt.ppd
    File listed twice: /usr/share/cups/model/samsung/clp500.ppd
    File listed twice: /usr/share/cups/model/samsung/clp500fr.ppd
    File listed twice: /usr/share/cups/model/samsung/clp500pt.ppd
    File listed twice: /usr/share/cups/model/samsung/clp510.ppd
    File listed twice: /usr/share/cups/model/samsung/clp510fr.ppd
    File listed twice: /usr/share/cups/model/samsung/clp510pt.ppd
    File listed twice: /usr/share/cups/model/samsung/clp550.ppd
    File listed twice: /usr/share/cups/model/samsung/clp550fr.ppd
    File listed twice: /usr/share/cups/model/samsung/clp550pt.ppd
    File listed twice: /usr/share/cups/model/samsung/clp600.ppd
    File listed twice: /usr/share/cups/model/samsung/clp600fr.ppd
    File listed twice: /usr/share/cups/model/samsung/clp600pt.ppd
    File listed twice: /usr/share/cups/model/samsung/clx216x.ppd
    File listed twice: /usr/share/cups/model/samsung/clx216xfr.ppd
    File listed twice: /usr/share/cups/model/samsung/clx216xpt.ppd
    File listed twice: /usr/share/cups/model/samsung/clx2170.ppd
    File listed twice: /usr/share/cups/model/samsung/clx2170fr.ppd
    File listed twice: /usr/share/cups/model/samsung/clx2170pt.ppd
    File listed twice: /usr/share/cups/model/samsung/clx3160.ppd
    File listed twice: /usr/share/cups/model/samsung/clx3160fr.ppd
    File listed twice: /usr/share/cups/model/samsung/clx3160pt.ppd
    File listed twice: /usr/share/cups/model/samsung/m2020.ppd
    File listed twice: /usr/share/cups/model/samsung/m2070.ppd
    File listed twice: /usr/share/cups/model/samsung/m262x.ppd
    File listed twice: /usr/share/cups/model/samsung/m267x.ppd
    File listed twice: /usr/share/cups/model/samsung/m283x.ppd
    File listed twice: /usr/share/cups/model/samsung/ml1510.ppd
    File listed twice: /usr/share/cups/model/samsung/ml1510fr.ppd
    File listed twice: /usr/share/cups/model/samsung/ml1510pt.ppd
    File listed twice: /usr/share/cups/model/samsung/ml1520.ppd
    File listed twice: /usr/share/cups/model/samsung/ml1520fr.ppd
    File listed twice: /usr/share/cups/model/samsung/ml1520pt.ppd
    File listed twice: /usr/share/cups/model/samsung/ml1610.ppd
    File listed twice: /usr/share/cups/model/samsung/ml1610fr.ppd
    File listed twice: /usr/share/cups/model/samsung/ml1610pt.ppd
    File listed twice: /usr/share/cups/model/samsung/ml1630.ppd
    File listed twice: /usr/share/cups/model/samsung/ml1630fr.ppd
    File listed twice: /usr/share/cups/model/samsung/ml1630pt.ppd
    File listed twice: /usr/share/cups/model/samsung/ml1640.ppd
    File listed twice: /usr/share/cups/model/samsung/ml1640fr.ppd
    File listed twice: /usr/share/cups/model/samsung/ml1640pt.ppd
    File listed twice: /usr/share/cups/model/samsung/ml1660.ppd
    File listed twice: /usr/share/cups/model/samsung/ml1660fr.ppd
    File listed twice: /usr/share/cups/model/samsung/ml1660pt.ppd
    File listed twice: /usr/share/cups/model/samsung/ml1670.ppd
    File listed twice: /usr/share/cups/model/samsung/ml1710.ppd
    File listed twice: /usr/share/cups/model/samsung/ml1710fr.ppd
    File listed twice: /usr/share/cups/model/samsung/ml1710pt.ppd
    File listed twice: /usr/share/cups/model/samsung/ml1740.ppd
    File listed twice: /usr/share/cups/model/samsung/ml1740fr.ppd
    File listed twice: /usr/share/cups/model/samsung/ml1740pt.ppd
    File listed twice: /usr/share/cups/model/samsung/ml1750.ppd
    File listed twice: /usr/share/cups/model/samsung/ml1750fr.ppd
    File listed twice: /usr/share/cups/model/samsung/ml1750pt.ppd
    File listed twice: /usr/share/cups/model/samsung/ml1860.ppd
    File listed twice: /usr/share/cups/model/samsung/ml1865.ppd
    File listed twice: /usr/share/cups/model/samsung/ml1865w.ppd
    File listed twice: /usr/share/cups/model/samsung/ml1910.ppd
    File listed twice: /usr/share/cups/model/samsung/ml1910fr.ppd
    File listed twice: /usr/share/cups/model/samsung/ml1910pt.ppd
    File listed twice: /usr/share/cups/model/samsung/ml1915.ppd
    File listed twice: /usr/share/cups/model/samsung/ml1915fr.ppd
    File listed twice: /usr/share/cups/model/samsung/ml1915pt.ppd
    File listed twice: /usr/share/cups/model/samsung/ml2010.ppd
    File listed twice: /usr/share/cups/model/samsung/ml2010fr.ppd
    File listed twice: /usr/share/cups/model/samsung/ml2010pt.ppd
    File listed twice: /usr/share/cups/model/samsung/ml2015.ppd
    File listed twice: /usr/share/cups/model/samsung/ml2015fr.ppd
    File listed twice: /usr/share/cups/model/samsung/ml2015pt.ppd
    File listed twice: /usr/share/cups/model/samsung/ml2150.ppd
    File listed twice: /usr/share/cups/model/samsung/ml2150fr.ppd
    File listed twice: /usr/share/cups/model/samsung/ml2150pt.ppd
    File listed twice: /usr/share/cups/model/samsung/ml2160.ppd
    File listed twice: /usr/share/cups/model/samsung/ml2165.ppd
    File listed twice: /usr/share/cups/model/samsung/ml2240.ppd
    File listed twice: /usr/share/cups/model/samsung/ml2240fr.ppd
    File listed twice: /usr/share/cups/model/samsung/ml2240pt.ppd
    File listed twice: /usr/share/cups/model/samsung/ml2250.ppd
    File listed twice: /usr/share/cups/model/samsung/ml2250fr.ppd
    File listed twice: /usr/share/cups/model/samsung/ml2250pt.ppd
    File listed twice: /usr/share/cups/model/samsung/ml2251.ppd
    File listed twice: /usr/share/cups/model/samsung/ml2251fr.ppd
    File listed twice: /usr/share/cups/model/samsung/ml2251pt.ppd
    File listed twice: /usr/share/cups/model/samsung/ml2510.ppd
    File listed twice: /usr/share/cups/model/samsung/ml2510fr.ppd
    File listed twice: /usr/share/cups/model/samsung/ml2510pt.ppd
    File listed twice: /usr/share/cups/model/samsung/ml2525.ppd
    File listed twice: /usr/share/cups/model/samsung/ml2525fr.ppd
    File listed twice: /usr/share/cups/model/samsung/ml2525pt.ppd
    File listed twice: /usr/share/cups/model/samsung/ml2525w.ppd
    File listed twice: /usr/share/cups/model/samsung/ml2525wfr.ppd
    File listed twice: /usr/share/cups/model/samsung/ml2525wpt.ppd
    File listed twice: /usr/share/cups/model/samsung/ml2550.ppd
    File listed twice: /usr/share/cups/model/samsung/ml2550fr.ppd
    File listed twice: /usr/share/cups/model/samsung/ml2550pt.ppd
    File listed twice: /usr/share/cups/model/samsung/ml2571.ppd
    File listed twice: /usr/share/cups/model/samsung/ml2571fr.ppd
    File listed twice: /usr/share/cups/model/samsung/ml2571pt.ppd
    File listed twice: /usr/share/cups/model/samsung/ml2580.ppd
    File listed twice: /usr/share/cups/model/samsung/ml2580fr.ppd
    File listed twice: /usr/share/cups/model/samsung/ml2580n.ppd
    File listed twice: /usr/share/cups/model/samsung/ml2580nfr.ppd
    File listed twice: /usr/share/cups/model/samsung/ml2580npt.ppd
    File listed twice: /usr/share/cups/model/samsung/ml2580pt.ppd
    File listed twice: /usr/share/cups/model/samsung/ml3050.ppd
    File listed twice: /usr/share/cups/model/samsung/ml3050fr.ppd
    File listed twice: /usr/share/cups/model/samsung/ml3050pt.ppd
    File listed twice: /usr/share/cups/model/samsung/ml3051.ppd
    File listed twice: /usr/share/cups/model/samsung/ml3051fr.ppd
    File listed twice: /usr/share/cups/model/samsung/ml3051nd.ppd
    File listed twice: /usr/share/cups/model/samsung/ml3051ndfr.ppd
    File listed twice: /usr/share/cups/model/samsung/ml3051ndpt.ppd
    File listed twice: /usr/share/cups/model/samsung/ml3051pt.ppd
    File listed twice: /usr/share/cups/model/samsung/ml3310.ppd
    File listed twice: /usr/share/cups/model/samsung/ml3310nd.ppd
    File listed twice: /usr/share/cups/model/samsung/ml3471nd.ppd
    File listed twice: /usr/share/cups/model/samsung/ml3471ndfr.ppd
    File listed twice: /usr/share/cups/model/samsung/ml3471ndpt.ppd
    File listed twice: /usr/share/cups/model/samsung/ml3560.ppd
    File listed twice: /usr/share/cups/model/samsung/ml3560fr.ppd
    File listed twice: /usr/share/cups/model/samsung/ml3560pt.ppd
    File listed twice: /usr/share/cups/model/samsung/po
    File listed twice: /usr/share/cups/model/samsung/scx3200.ppd
    File listed twice: /usr/share/cups/model/samsung/scx3200fr.ppd
    File listed twice: /usr/share/cups/model/samsung/scx3200pt.ppd
    File listed twice: /usr/share/cups/model/samsung/scx3400.ppd
    File listed twice: /usr/share/cups/model/samsung/scx4100.ppd
    File listed twice: /usr/share/cups/model/samsung/scx4100fr.ppd
    File listed twice: /usr/share/cups/model/samsung/scx4100pt.ppd
    File listed twice: /usr/share/cups/model/samsung/scx4200.ppd
    File listed twice: /usr/share/cups/model/samsung/scx4200fr.ppd
    File listed twice: /usr/share/cups/model/samsung/scx4200pt.ppd
    File listed twice: /usr/share/cups/model/samsung/scx4216f.ppd
    File listed twice: /usr/share/cups/model/samsung/scx4216ffr.ppd
    File listed twice: /usr/share/cups/model/samsung/scx4216fpt.ppd
    File listed twice: /usr/share/cups/model/samsung/scx4300.ppd
    File listed twice: /usr/share/cups/model/samsung/scx4300fr.ppd
    File listed twice: /usr/share/cups/model/samsung/scx4300pt.ppd
    File listed twice: /usr/share/cups/model/samsung/scx4500.ppd
    File listed twice: /usr/share/cups/model/samsung/scx4500fr.ppd
    File listed twice: /usr/share/cups/model/samsung/scx4500pt.ppd
    File listed twice: /usr/share/cups/model/samsung/scx4521f.ppd
    File listed twice: /usr/share/cups/model/samsung/scx4521ffr.ppd
    File listed twice: /usr/share/cups/model/samsung/scx4521fpt.ppd
    File listed twice: /usr/share/cups/model/samsung/scx4600.ppd
    File listed twice: /usr/share/cups/model/samsung/scx4600fr.ppd
    File listed twice: /usr/share/cups/model/samsung/scx4600pt.ppd
    File listed twice: /usr/share/cups/model/samsung/scx4623f.ppd
    File listed twice: /usr/share/cups/model/samsung/scx4623ffr.ppd
    File listed twice: /usr/share/cups/model/samsung/scx4623fpt.ppd
    File listed twice: /usr/share/cups/model/samsung/scx4623fw.ppd
    File listed twice: /usr/share/cups/model/samsung/scx4623fwfr.ppd
    File listed twice: /usr/share/cups/model/samsung/scx4623fwpt.ppd
    File listed twice: /usr/share/cups/model/samsung/scx5330n.ppd
    File listed twice: /usr/share/cups/model/samsung/scx5330nfr.ppd
    File listed twice: /usr/share/cups/model/samsung/scx5330npt.ppd
    File listed twice: /usr/share/cups/model/samsung/scx5530fn.ppd
    File listed twice: /usr/share/cups/model/samsung/scx5530fnfr.ppd
    File listed twice: /usr/share/cups/model/samsung/scx5530fnpt.ppd
    File listed twice: /usr/share/cups/model/samsung/sf565p.ppd
    File listed twice: /usr/share/cups/model/samsung/sf565pfr.ppd
    File listed twice: /usr/share/cups/model/samsung/sf565ppt.ppd
    File listed twice: /usr/share/cups/model/toshiba
    File listed twice: /usr/share/cups/model/toshiba/es180s.ppd
    File listed twice: /usr/share/cups/model/toshiba/es180sfr.ppd
    File listed twice: /usr/share/cups/model/toshiba/es180spt.ppd
    File listed twice: /usr/share/cups/model/toshiba/po
    File listed twice: /usr/share/cups/model/xerox
    File listed twice: /usr/share/cups/model/xerox/ph3115.ppd
    File listed twice: /usr/share/cups/model/xerox/ph3115fr.ppd
    File listed twice: /usr/share/cups/model/xerox/ph3115pt.ppd
    File listed twice: /usr/share/cups/model/xerox/ph3116.ppd
    File listed twice: /usr/share/cups/model/xerox/ph3116fr.ppd
    File listed twice: /usr/share/cups/model/xerox/ph3116pt.ppd
    File listed twice: /usr/share/cups/model/xerox/ph3117.ppd
    File listed twice: /usr/share/cups/model/xerox/ph3117fr.ppd
    File listed twice: /usr/share/cups/model/xerox/ph3117pt.ppd
    File listed twice: /usr/share/cups/model/xerox/ph3120.ppd
    File listed twice: /usr/share/cups/model/xerox/ph3120fr.ppd
    File listed twice: /usr/share/cups/model/xerox/ph3120pt.ppd
    File listed twice: /usr/share/cups/model/xerox/ph3121.ppd
    File listed twice: /usr/share/cups/model/xerox/ph3121fr.ppd
    File listed twice: /usr/share/cups/model/xerox/ph3121pt.ppd
    File listed twice: /usr/share/cups/model/xerox/ph3122.ppd
    File listed twice: /usr/share/cups/model/xerox/ph3122fr.ppd
    File listed twice: /usr/share/cups/model/xerox/ph3122pt.ppd
    File listed twice: /usr/share/cups/model/xerox/ph3124.ppd
    File listed twice: /usr/share/cups/model/xerox/ph3124fr.ppd
    File listed twice: /usr/share/cups/model/xerox/ph3124pt.ppd
    File listed twice: /usr/share/cups/model/xerox/ph3130.ppd
    File listed twice: /usr/share/cups/model/xerox/ph3130fr.ppd
    File listed twice: /usr/share/cups/model/xerox/ph3130pt.ppd
    File listed twice: /usr/share/cups/model/xerox/ph3140.ppd
    File listed twice: /usr/share/cups/model/xerox/ph3140fr.ppd
    File listed twice: /usr/share/cups/model/xerox/ph3140pt.ppd
    File listed twice: /usr/share/cups/model/xerox/ph3150.ppd
    File listed twice: /usr/share/cups/model/xerox/ph3150fr.ppd
    File listed twice: /usr/share/cups/model/xerox/ph3150pt.ppd
    File listed twice: /usr/share/cups/model/xerox/ph3155.ppd
    File listed twice: /usr/share/cups/model/xerox/ph3155fr.ppd
    File listed twice: /usr/share/cups/model/xerox/ph3155pt.ppd
    File listed twice: /usr/share/cups/model/xerox/ph3160.ppd
    File listed twice: /usr/share/cups/model/xerox/ph3160fr.ppd
    File listed twice: /usr/share/cups/model/xerox/ph3160pt.ppd
    File listed twice: /usr/share/cups/model/xerox/ph3420.ppd
    File listed twice: /usr/share/cups/model/xerox/ph3420fr.ppd
    File listed twice: /usr/share/cups/model/xerox/ph3420pt.ppd
    File listed twice: /usr/share/cups/model/xerox/ph3425.ppd
    File listed twice: /usr/share/cups/model/xerox/ph3425fr.ppd
    File listed twice: /usr/share/cups/model/xerox/ph3425pt.ppd
    File listed twice: /usr/share/cups/model/xerox/ph5500.ppd
    File listed twice: /usr/share/cups/model/xerox/ph5500fr.ppd
    File listed twice: /usr/share/cups/model/xerox/ph5500pt.ppd
    File listed twice: /usr/share/cups/model/xerox/ph6100.ppd
    File listed twice: /usr/share/cups/model/xerox/ph6100fr.ppd
    File listed twice: /usr/share/cups/model/xerox/ph6100pt.ppd
    File listed twice: /usr/share/cups/model/xerox/ph6110.ppd
    File listed twice: /usr/share/cups/model/xerox/ph6110fr.ppd
    File listed twice: /usr/share/cups/model/xerox/ph6110pt.ppd
    File listed twice: /usr/share/cups/model/xerox/po
    File listed twice: /usr/share/cups/model/xerox/wc3119.ppd
    File listed twice: /usr/share/cups/model/xerox/wc3119fr.ppd
    File listed twice: /usr/share/cups/model/xerox/wc3119pt.ppd
    File listed twice: /usr/share/cups/model/xerox/wcpe114e.ppd
    File listed twice: /usr/share/cups/model/xerox/wcpe114efr.ppd
    File listed twice: /usr/share/cups/model/xerox/wcpe114ept.ppd
    File listed twice: /usr/share/cups/model/xerox/wcpe16.ppd
    File listed twice: /usr/share/cups/model/xerox/wcpe16fr.ppd
    File listed twice: /usr/share/cups/model/xerox/wcpe16pt.ppd
